# JRE version: OpenJDK Runtime Environment Temurin-18.0.1+10 (18.0.1+10) (build 18.0.1+10)
# Java VM: OpenJDK 64-Bit Server VM Temurin-18.0.1+10 (18.0.1+10, mixed mode, tiered, compressed oops, compressed class ptrs, g1 gc, windows-amd64)
GC Precious Log:
 CardTable entry size: 512
 Card Set container configuration: InlinePtr #cards 5 size 8 Array Of Cards #cards 12 size 40 Howl #buckets 4 coarsen threshold 1843 Howl Bitmap #cards 512 size 80 coarsen threshold 460 Card regions per heap region 1 cards per card region 2048
 CPUs: 8 total, 8 available
 Memory: 7987M
 Large Page Support: Disabled
 NUMA Support: Disabled
 Compressed Oops: Enabled (32-bit)
 Heap Region Size: 1M
 Heap Min Capacity: 8M
 Heap Initial Capacity: 126M
 Heap Max Capacity: 1998M
 Pre-touch: Disabled
 Parallel Workers: 8
 Concurrent Workers: 2
 Concurrent Refinement Workers: 8
 Periodic GC: Disabled
Heap:
 garbage-first heap   total 78848K, used 60139K [0x0000000083200000, 0x0000000100000000)
  region size 1024K, 40 young (40960K), 3 survivors (3072K)
 Metaspace       used 59533K, committed 60224K, reserved 1114112K
  class space    used 6762K, committed 7104K, reserved 1048576K
GC Heap History (20 events):
Event: 699.724 GC heap after
{Heap after GC invocations=46 (full 6):
 garbage-first heap   total 71680K, used 24597K [0x0000000083200000, 0x0000000100000000)
  region size 1024K, 2 young (2048K), 2 survivors (2048K)
 Metaspace       used 58501K, committed 59200K, reserved 1114112K
  class space    used 6669K, committed 6976K, reserved 1048576K
}
Event: 699.841 GC heap before
{Heap before GC invocations=46 (full 6):
 garbage-first heap   total 71680K, used 53269K [0x0000000083200000, 0x0000000100000000)
  region size 1024K, 31 young (31744K), 2 survivors (2048K)
 Metaspace       used 58505K, committed 59200K, reserved 1114112K
  class space    used 6669K, committed 6976K, reserved 1048576K
}
Event: 699.843 GC heap after
{Heap after GC invocations=47 (full 6):
 garbage-first heap   total 71680K, used 25253K [0x0000000083200000, 0x0000000100000000)
  region size 1024K, 3 young (3072K), 3 survivors (3072K)
 Metaspace       used 58505K, committed 59200K, reserved 1114112K
  class space    used 6669K, committed 6976K, reserved 1048576K
}
Event: 735.097 GC heap before
{Heap before GC invocations=47 (full 6):
 garbage-first heap   total 71680K, used 45733K [0x0000000083200000, 0x0000000100000000)
  region size 1024K, 25 young (25600K), 3 survivors (3072K)
 Metaspace       used 58642K, committed 59264K, reserved 1114112K
  class space    used 6677K, committed 6976K, reserved 1048576K
}
Event: 735.129 GC heap after
{Heap after GC invocations=48 (full 7):
 garbage-first heap   total 71680K, used 20120K [0x0000000083200000, 0x0000000100000000)
  region size 1024K, 0 young (0K), 0 survivors (0K)
 Metaspace       used 58639K, committed 59264K, reserved 1114112K
  class space    used 6676K, committed 6976K, reserved 1048576K
}
Event: 735.478 GC heap before
{Heap before GC invocations=48 (full 7):
 garbage-first heap   total 71680K, used 53912K [0x0000000083200000, 0x0000000100000000)
  region size 1024K, 34 young (34816K), 0 survivors (0K)
 Metaspace       used 58769K, committed 59392K, reserved 1114112K
  class space    used 6684K, committed 6976K, reserved 1048576K
}
Event: 735.480 GC heap after
{Heap after GC invocations=49 (full 7):
 garbage-first heap   total 71680K, used 23153K [0x0000000083200000, 0x0000000100000000)
  region size 1024K, 3 young (3072K), 3 survivors (3072K)
 Metaspace       used 58769K, committed 59392K, reserved 1114112K
  class space    used 6684K, committed 6976K, reserved 1048576K
}
Event: 735.545 GC heap before
{Heap before GC invocations=49 (full 7):
 garbage-first heap   total 71680K, used 53873K [0x0000000083200000, 0x0000000100000000)
  region size 1024K, 34 young (34816K), 3 survivors (3072K)
 Metaspace       used 58770K, committed 59392K, reserved 1114112K
  class space    used 6684K, committed 6976K, reserved 1048576K
}
Event: 735.548 GC heap after
{Heap after GC invocations=50 (full 7):
 garbage-first heap   total 71680K, used 25020K [0x0000000083200000, 0x0000000100000000)
  region size 1024K, 3 young (3072K), 3 survivors (3072K)
 Metaspace       used 58770K, committed 59392K, reserved 1114112K
  class space    used 6684K, committed 6976K, reserved 1048576K
}
Event: 735.604 GC heap before
{Heap before GC invocations=50 (full 7):
 garbage-first heap   total 71680K, used 53692K [0x0000000083200000, 0x0000000100000000)
  region size 1024K, 32 young (32768K), 3 survivors (3072K)
 Metaspace       used 58770K, committed 59392K, reserved 1114112K
  class space    used 6684K, committed 6976K, reserved 1048576K
}
Event: 735.606 GC heap after
{Heap after GC invocations=51 (full 7):
 garbage-first heap   total 88064K, used 25834K [0x0000000083200000, 0x0000000100000000)
  region size 1024K, 3 young (3072K), 3 survivors (3072K)
 Metaspace       used 58770K, committed 59392K, reserved 1114112K
  class space    used 6684K, committed 6976K, reserved 1048576K
}
Event: 761.642 GC heap before
{Heap before GC invocations=51 (full 7):
 garbage-first heap   total 88064K, used 45290K [0x0000000083200000, 0x0000000100000000)
  region size 1024K, 23 young (23552K), 3 survivors (3072K)
 Metaspace       used 58877K, committed 59520K, reserved 1114112K
  class space    used 6692K, committed 6976K, reserved 1048576K
}
Event: 761.672 GC heap after
{Heap after GC invocations=52 (full 8):
 garbage-first heap   total 78848K, used 20233K [0x0000000083200000, 0x0000000100000000)
  region size 1024K, 0 young (0K), 0 survivors (0K)
 Metaspace       used 58874K, committed 59520K, reserved 1114112K
  class space    used 6692K, committed 6976K, reserved 1048576K
}
Event: 778.731 GC heap before
{Heap before GC invocations=52 (full 8):
 garbage-first heap   total 78848K, used 58121K [0x0000000083200000, 0x0000000100000000)
  region size 1024K, 37 young (37888K), 0 survivors (0K)
 Metaspace       used 59235K, committed 59904K, reserved 1114112K
  class space    used 6738K, committed 7040K, reserved 1048576K
}
Event: 778.734 GC heap after
{Heap after GC invocations=53 (full 8):
 garbage-first heap   total 78848K, used 22281K [0x0000000083200000, 0x0000000100000000)
  region size 1024K, 2 young (2048K), 2 survivors (2048K)
 Metaspace       used 59235K, committed 59904K, reserved 1114112K
  class space    used 6738K, committed 7040K, reserved 1048576K
}
Event: 780.609 GC heap before
{Heap before GC invocations=53 (full 8):
 garbage-first heap   total 78848K, used 59145K [0x0000000083200000, 0x0000000100000000)
  region size 1024K, 38 young (38912K), 2 survivors (2048K)
 Metaspace       used 59352K, committed 60032K, reserved 1114112K
  class space    used 6746K, committed 7040K, reserved 1048576K
}
Event: 780.611 GC heap after
{Heap after GC invocations=54 (full 8):
 garbage-first heap   total 78848K, used 22540K [0x0000000083200000, 0x0000000100000000)
  region size 1024K, 3 young (3072K), 3 survivors (3072K)
 Metaspace       used 59352K, committed 60032K, reserved 1114112K
  class space    used 6746K, committed 7040K, reserved 1048576K
}
Event: 987.669 GC heap before
{Heap before GC invocations=54 (full 8):
 garbage-first heap   total 78848K, used 59404K [0x0000000083200000, 0x0000000100000000)
  region size 1024K, 39 young (39936K), 3 survivors (3072K)
 Metaspace       used 59447K, committed 60160K, reserved 1114112K
  class space    used 6754K, committed 7104K, reserved 1048576K
}
Event: 987.671 GC heap after
{Heap after GC invocations=55 (full 8):
 garbage-first heap   total 78848K, used 22251K [0x0000000083200000, 0x0000000100000000)
  region size 1024K, 2 young (2048K), 2 survivors (2048K)
 Metaspace       used 59447K, committed 60160K, reserved 1114112K
  class space    used 6754K, committed 7104K, reserved 1048576K
}
Event: 1159.634 GC heap before
{Heap before GC invocations=55 (full 8):
 garbage-first heap   total 78848K, used 60139K [0x0000000083200000, 0x0000000100000000)
  region size 1024K, 39 young (39936K), 2 survivors (2048K)
 Metaspace       used 59533K, committed 60224K, reserved 1114112K
  class space    used 6762K, committed 7104K, reserved 1048576K
}

